[    0.000000] Initializing cgroup subsys cpuset
[    0.000000] Initializing cgroup subsys cpu
[    0.0000] Initializing cgroup subsys cpuacct
[   .000000] Linux version 4.4.0-134-generic (buildd@lgw01-amd64-033) (gcc version 5.4.0 20160609 (Ubuntu 5.4.0-6ubuntu1~16.04.10) ) #160-Ubuntu SMP Wed Aug 15 14:58:00 UTC 2018 (Ubuntu 4.4.0-134.160-generic 4.4.140)
[    0.000000] Command line: BOOT_IMAGE=/boot/vmlinuz-4.44.0-134-generic root=LABEL=cloudimg-rootfs ro console=tty1 console=ttyS0
[    0.000000] KERNEL supported cpus:
[    0.000000]   Intel GenuineIntel
[    0.000000]   AMD AuthenticAMD
[    0.000000]   Centaur CentaurHauls
[    0.000000] x86/fpu: xstate_offset[2]:  576, xstate_sizes[2]:  256
[    0.000000] x86/fpu: Supporting XSAVE feature 0x01: 'x87 floating point registers'
[    0.000000] x86/fpu: Supporting XSAVE feature 0x02: 'SSE registers'
[    0.000000] x86/fpu: Supporting XSAVE feature 0x04: 'AVX registers'
[    0.000000] x86/fpu: Enabled xstate features 0x7, context size is 832 bytes, using 'standard' format.
[    0.000000] e820: BIOS-provided physical RAM map:
[    0.000000] BIOS-e820: [mem 0x0000000000000000-0x000000000009fbff] usable
[    0.000000] BIOS-e820: [mem 0x000000000009fc00-0x000000000009ffff] reserved
[    0.000000] BIOS-e820: [mem 0x00000000000f0000-0x00000000000fffff] reserved
[    0.000000] BIOS-e820: [mem 0x0000000000100000-0x000000003ffeffff] usable
[   0.000000] BIOS-e820: [mem 0x000000003fff0000-0x000000003fffffff] ACPI data
[    0.000000] BIOS-e820: [mem 0x00000000fec00000-0x00000000fec00fff] reserved
[    0.000000] BIOS-e820: [mem 0x000000000fee00000-0x00000000fee00fff] reserved
[    0.000000] BIOS-e820: [mem 0x00000000fffc0000-0x00000000ffffffff] reserved
[    0.00000]NX(Execute Disable) protection: active
[   0.000000] SMBIOS 2.5 present.
[    0.000000] Hypervisor detected: KVM
[    0.000000] e820: last_pfn = 0x3fff0 max_arch_pfn = 0x400000000
[   .00000] MTRR: Disabled
[    0.000000] x86/PAT: MTRRs disabled, skipping PAT initialation too.
[    0.000000] CPU MTRRs all blank - virtualized system.
[    0.000000] x86/PAT: Configuration [0-7]: WB  WT  UC- UC  WB  WT  UC- UC  
[    0.000000] found SP P-table at [mem 0x0009fff0-0x0009ffff] mapped at [ffff88000009fff0]
[   .00000] Scanning 1 areas for low memory corruption
[    0.000000] RAMDISK: [mem 0x3630c000-0x3717dfff]
[   .000000] ACPI: Early table checksum verification disabled
[    0.000000] ACPI: RSDP 0x00000000000E0000 000024 (v02 VBOX  )
[   .000000] ACPI: XSDT 0x0000003FF0030 00003C (v01 VBOX   VBOXXSDT 00000001 ASL  00000061)
[    0.000000] ACPI: FACP 0x000000003FFF00F0 0000F4 (v04 VBOX   VBOXFACP 00000001 ASL  00000061)
[   .000000] ACPI: DSDT 0x000000003FFF0470 0021FF (v02 VBOX   VBOXBIOS 00000002 INTL 20100528)
[    0.000000] ACPI: FACS 0x000000003FFF0200 000040
[   .00000] ACPI: FACS 0x000000003FFF0200 000040
[   0.000000] ACPI: APIC 0x000000003FFF0240 00005C (v02 VBOX   VBOXAPIC 00000001 ASL  00000061)
[   .000000] ACPI: SSDT 0x000000003FFF02A0 0001CC (v01 VBOX   VBOXCPUT 00000002 INTL 20100528)
[    0.000000] No NUMA configuration found
[    0.000000] Faking a node at [mem 0x0000000000000000-0x000000003ffeffff]
[    0.000000] NODE_DATA(0) allocated [mem 0x3ffeb000-0x3ffeffff]
[    0.000000] kvm-clock: Using msrs 4b564d01 and 4b564d00
[    0.000000] kvm-clock: cpu 0, msr 0:3ffe3001, primary cpu clock
[    0.000000] kvm-clock: using sched offset of 5710806614 cycles
[    0.000000] clocksource: kvm-clock: mask: 0xffffffffffffffff max_cycles: 0x1cd42e4dffb, max_idle_ns: 881590591483 ns
[    0.000000] Zone ranges:
[    0.000000]   DMA      [mem 0x0000000000001000-0x0000000000ffffff]
[    0.000000]   DMA32    [mem 0x0000000001000000-0x000000003ffeffff]
[    0.000000]   Normal   empty
[    0.000000]   Device   empty
[    0.000000] Movable zone start for each node
[    0.000000] Early memory node ranges
[    0.000000]   node   0: [mem 0x0000000000001000-0x000000000009efff]
[    0.000000]   node   0: [mem 0x0000000000100000-0x000000003ffeffff]
[    0.000000] Initmem setup node 0 [mem 0x0000000000001000-0x000000003ffeffff]
[    0.000000] ACPI: PM-Timer IO Port: 0x4008
[   0.000000] IOAPIC[0]: apic_id 2, version 32, address 0xfec00000, GSI 0-23
[    0.000000] ACPI: INT_SRC_OVR (bus 0 bus_irq 0 global_irq 2 dfl dfl)
[    0.000000] ACPI: INT_SRC_OVR (bus 0 bus_irq 9 global_irq 9 low level)
[    0.000000] Using ACPI (MADT) for SMP configuration information
[   0.000000] smpboot: Allowing 2 CPUs, 0 hotplug CPUs
[   .00000] PM: Registered nosave memory: [mem 0x00000000-0x00000fff]
[    0.000000] PM: Registered nosave memory: [mem 0x0009f000-0x0009ffff]
[    0.000000] PM: Registered nosave memory: [mem 0x000a0000-0x000effff]
[    0.000000] PM: Registered nosave memory: [mem 0x000f0000-0x000fffff]
[    0.000000] e820: [mem 0x40000000-0xfebfffff] available for PCI devices
[    0.000000] Booting paravirtualized kernel on KVM
[    0.000000] clocksource: refined-jiffies: mask: 0xffffffff max_cycles: 0xffffffff, max_idle_ns: 7645519600211568 ns
[    0.000000] setup_percpu: NCPUS:512 nr_cpumask_bits:512 nr_cpu_ids:2 nr_node_ids:1
[    0.000000] PERCPU: Embedded 34 pages/cpu @ffff88003fc00000 s99544 r8192 d31528 u10856
[   .00000] PV qspinlock hash table entries: 256 (order: 0, 4096 bytes)
[    0.000000] Built 1 zonelists in Node order, mobility grouping on.  Total pages: 257912
[    0.000000] Policy zone: DMA32
[    0.000000] Kernel command line: BOOT_IMAGE=/boot/vmlinuz-4.4.0-134-generic root=LABEL=cloudimg-rootfs ro console=tty1 console=ttyS0
[    0.000000] PID hash table entries: 4096 (order: 3, 32768 bytes)
[    0.000000] Memory: 997724K/1048120K available (8554K kernel code, 1314K rwdata, 4004K rodata, 1516K init, 1316K bss, 50396K reserved, 0K cma-reserved)
[    0.000000] SLUB: HWalign=64, Order=0-3, MinObjects=0, CPUs=2, Nodes=1
[    0.000000] KernelUser page tables isolation: enabled
[   0.000000] Hierarchical RCU implementaton.
[    .00000] 	Build-time adjustment of leaf fanout to 64.
[   .00000] 	RCU restricting CPUs from NR_CPUS=512 to nr_cpu_ids=2.
[   0.000000] RCU: Adjusting geometry for rcu_fanout_leaf=64, nr_cpu_ids=2
[   .0000000] NR_IRQS:33024 nr_irqs:440 16
[    0.000000] Console: colour VGA+ 80x25
[    0.000000] console [tty1] enabled
[    0.000000] console [ttyS0] enabled
[    0.000000] tsc: Detected 2494.316 MHz processor
[    1.503755] Calibrating delay loop (skipped) preset value.. 4988.63 BogoMIPS (lpj=9977264)
[    1.512276] pid_max: default: 32768 minimum: 301
[    1.518539] ACPI: Core revision 20150930
[    1.522688] ACPI: 2 ACPI AML tables successfully acquired and loaded
[    1.525384] Security Framework initialized
[    1.526856] Yama: becoming mindful.
[    1.529465] AppArmor: AppArmor initialized
[    1.530982] Dentry cache hash table entries: 131072 (order: 8, 1048576 bytes)
[    1.535378] Inode-cache hash table entries: 65536 (order: 7, 524288 bytes)
[    1.538955] Mount-cache hash table entries: 2048 (order: 2, 16384 bytes)
[    1.542248] Mountpoint-cache hash table entries: 2048 (order: 2, 16384 bytes)
[    1.546556] Initializing cgroup subsys io
[    1.549126] Initializing cgroup subsys memory
[    1.553184] Initializing cgroup subsys devices
[    1.557714] Initializing cgroup subsys freezer
[    1.561317] Initializing cgroup subsys net_cls
[    1.562869] Initializing cgroup subsys perf_event
[    1.564512] Initializing cgroup subsys net_prio
[    1.566518] Initializing cgroup subsys hugetlb
[    1.568379] Initializing cgroup subsys pids
[    1.570736] mce: CPU supports 0 MCE banks
[    1.572831] Last level iTLB entries: 4KB 512, 2MB 8, 4MB 8
[    1.576743] Last level dTLB entries: 4KB 512, 2MB 32, 4MB 32, 1GB 0
[    1.579546] Spectre V2 : Mitigation: Full generic retpoline
[    1.582054] Spectre V2 : Speculation control IBPB not-supported IBRS not-supported
[    1.585319] Speculative Store Bypass: Vulnerable
[    1.592127] Freeing SMP alternatives memory: 32K
[    1.622695] ftrace: allocating 32266 entries in 127 pages
[    1.719905] smpboot: APIC(0) Converting physical 0 to logical package 0
[    1.724526] smpboot: Max logical packages: 1
[    1.874774] x2apic enabled
[    1.877500] Switched APIC routing to physical x2apic.
[    1.883144] ..TIMER: vector=0x30 apic1=0 pin1=2 apic2=-1 pin2=-1
[    1.996157] smpboot: CPU0: Intel(R) Core(TM) i5-3210M CPU @ 2.50GHz (family: 0x6, model: 0x3a, stepping: 0x9)
[    2.012634] Performance Events: unsupported p6 CPU model 58 no PMU driver, software events only.
[    2.025966] KVM setup paravirtual spinlock
[    2.030932] x86: Booting SMP configuration:
[    2.033653] .... node  #0, CPUs:      #1
[    2.045578] kvm-clock: cpu 1, msr 0:3ffe3041, secondary cpu clock
[    2.047613] mce: CPU supports 0 MCE banks
[    2.050672] x86: Booted up 1 node, 2 CPUs
[    2.052491] smpboot: Total of 2 processors activated (9977.26 BogoMIPS)
[    2.057811] devtmpfs: initialized
[    2.062053] evm: security.selinux
[    2.064821] evm: security.SMACK64
[    2.068598] evm: security.SMACK64EXEC
[    2.072675] evm: security.SMACK64TRANSMUTE
[    2.076729] evm: security.SMACK64MMAP
[    2.080512] evm: security.ima
[    2.083571] evm: security.capability
[    2.085120] clocksource: jiffies: mask: 0xffffffff max_cycles: 0xffffffff, max_idle_ns: 7645041785100000 ns
[    2.088432] futex hash table entries: 512 (order: 3, 32768 bytes)
[    2.098465] pinctrl core: initialized pinctrl subsystem
[    2.101496] RTC time:  5:00:47, date: 08/31/18
[    2.104454] NET: Registered protocol family 16
[    2.119789] cpuidle: using governor ladder
[    2.142835] cpuidle: using governor menu
[    2.147938] PCCT header not found.
[    2.149372] ACPI: bus type PCI registered
[    2.151929] acpiphp: ACPI Hot Plug PCI Controller Driver version: 0.5
[    2.154176] PCI: Using configuration type 1 for base access
[    2.167950] ACPI: Added _OSI(Module Device)
[    2.169508] ACPI: Added _OSI(Processor Device)
[    2.171380] ACPI: Added _OSI(3.0 _SCP Extensions)
[    2.173075] ACPI: Added _OSI(Processor Aggregator Device)
[    2.175884] ACPI: Executed 1 blocks of module-level executable AML code
[    2.189477] ACPI: Interpreter enabled
[    2.192049] ACPI: (supports S0 S5)
[    2.194812] ACPI: Using IOAPIC for interrupt routing
[    2.199752] PCI: Using host bridge windows from ACPI; if necessary, use "pci=nocrs" and report a bug
[    2.210072] ACPI: PCI Root Bridge [PCI0] (domain 0000 [bus 00-ff])
[    2.215895] acpi PNP0A03:00: _OSC: OS supports [ASPM ClockPM Segments MSI]
[    2.219865] acpi PNP0A03:00: _OSC: not requesting OS control; OS requires [ExtendedConfig ASPM ClockPM MSI]
[    2.224972] acpi PNP0A03:00: fail to add MMCONFIG information, can't access extended PCI configuration space under this bridge.
[    2.234908] PCI host bridge to bus 0000:00
[    2.239305] pci_bus 0000:00: root bus resource [io  0x0000-0x0cf7 window]
[    2.243843] pci_bus 0000:00: root bus resource [io  0x0d00-0xffff window]
[    2.250403] pci_bus 0000:00: root bus resource [mem 0x000a0000-0x000bffff window]
[    2.252977] pci_bus 0000:00: root bus resource [mem 0x40000000-0xfdffffff window]
[    2.256989] pci_bus 0000:00: root bus resource [bus 00-ff]
[    2.267918] pci 0000:00:01.1: legacy IDE quirk: reg 0x10: [io  0x01f0-0x01f7]
[    2.271277] pci 0000:00:01.1: legacy IDE quirk: reg 0x14: [io  0x03f6]
[    2.275405] pci 0000:00:01.1: legacy IDE quirk: reg 0x18: [io  0x0170-0x0177]
[    2.279221] pci 0000:00:01.1: legacy IDE quirk: reg 0x1c: [io  0x0376]
[    2.307246] pci 0000:00:07.0: quirk: [io  0x4000-0x403f] claimed by PIIX4 ACPI
[    2.321915] pci 0000:00:07.0: quirk: [io  0x4100-0x410f] claimed by PIIX4 SMB
[    2.343238] ACPI: PCI Interrupt Link [LNKA] (IRQs 5 9 10 *11)
[    2.354397] ACPI: PCI Interrupt Link [LNKB] (IRQs 5 9 *10 11)
[    2.364570] ACPI: PCI Interrupt Link [LNKC] (IRQs 5 *9 10 11)
[    2.370922] ACPI: PCI Interrupt Link [LNKD] (IRQs 5 9 10 *11)
[    2.373672] ACPI: Enabled 2 GPEs in block 00 to 07
[    2.381275] vgaarb: setting as boot device: PCI:0000:00:02.0
[    2.385721] vgaarb: device added: PCI:0000:00:02.0,decodes=io+mem,owns=io+mem,locks=none
[    2.391108] vgaarb: loaded
[    2.397695] vgaarb: bridge control possible 0000:00:02.0
[    2.401881] SCSI subsystem initialized
[    2.405225] ACPI: bus type USB registered
[    2.408462] usbcore: registered new interface driver usbfs
[    2.413272] usbcore: registered new interface driver hub
[    2.417624] usbcore: registered new device driver usb
[    2.421606] PCI: Using ACPI for IRQ routing
[    2.423664] NetLabel: Initializing
[    2.424901] NetLabel:  domain hash size = 128
[    2.426388] NetLabel:  protocols = UNLABELED CIPSOv4
[    2.428115] NetLabel:  unlabeled traffic allowed by default
[    2.430154] amd_nb: Cannot enumerate AMD northbridges
[    2.432102] clocksource: Switched to clocksource kvm-clock
[    2.443521] AppArmor: AppArmor Filesystem Enabled
[   .4596]pn: nPACI ni
   2.730095] pnp: PnP ACPI: found 3 devices

[   .798619] clocksource: acpi_pm: mask: 0xffffff max_cycles: 0xffffff, max_idle_ns: 2085701024 ns
[   .84656] NET: Registered protocol family 2

[    2.954706] TCP established hash table entries: 8192 (order: 4, 65536 bytes)
[    2.958330] TCP bind hash table entries: 8192 (order: 5, 131072 bytes)
[    2.967750] TC: Hash tables configured (established 8192 bind 8192)[   .09108] UDP hash table entries: 512 (order: 2, 16384 bytes)
[    3.172925] UDP-Lite hash table entries: 512 (order: 2, 16384 bytes)
[    3.176002] NET: Registered protocol family 1
[    3.177921] pci 0000:00:00.0: Limiting direct PCI/PCI transfers
[    3.180760] pci 0000:00:01.0: Activating ISA DMA hang workarounds
[   .13020] Unpacking initramfs...
[    3.526524] Freeing initrd memory: 14792K
[    3.531057] RAPL PMU detected, API unit is 2^-32 Joules, 3 fixed counters 10737418240 ms ovfl timer
[    3.535396] hw unit of domain pp0-core 2^-0 Joules
[    3.538874] hw unit of domain package 2^-0 Joules
[    3.541059] hw unit of domain pp1-gpu 2^-0 Joules
[    3.543015] platform rtc_cmos: registered platform RTC device (no PNP device found)
[    3.545964] Scanning for low memory corruption every 60 seconds
[    3.554447] audit: initializing netlink subsys (disabled)
[    3.559312] audit: type=2000 audit(1535691654.450:1): initialized
[    3.561632] Initialise system trusted keyring
[    3.568244] HugeTLB registered 2 MB page size, pre-allocated 0 pages
[    3.571992] zbud: loaded
[    3.580702] VFS: Disk quotas dquot_6.6.0
[    3.583298] VFS: Dquot-cache hash table entries: 512 (order 0, 4096 bytes)
[    3.587121] squashfs: version 4.0 (2009/01/31) Phillip Lougher
[    3.591904] fuse init (API version 7.23)
[    3.593508] Key type big_key registered
[    3.594907] Allocating IMA MOK and blacklist keyrings.
[    3.599044] Key type asymmetric registered
[    3.600631] Asymmetric key parser 'x509' registered
[    3.602360] Block layer SCSI generic (bsg) driver version 0.4 loaded (major 249)
[    3.605273] io scheduler noop registered
[    3.609924] io scheduler deadline registered (default)
[    3.611717] io scheduler cfq registered
[    3.613221] pci_hotplug: PCI Hot Plug PCI Core version: 0.5
[    3.620411] pciehp: PCI Express Hot Plug Controller Driver version: 0.4
[    3.632908] ACPI: AC Adapter [AC] (on-line)
[    3.634455] input: Power Button as /devices/LNXSYSTM:00/LNXPWRBN:00/input/input0
[    3.637050] ACPI: Power Button [PWRF]
[    3.643370] input: Sleep Button as /devices/LNXSYSTM:00/LNXSLPBN:00/input/input1
[    3.656745] ACPI: Sleep Button [SLPF]
[    3.664208] GHES: HEST is not enabled!
[    3.665258] ACPI: Battery Slot [BAT0] (battery present)
[    3.667947] Serial: 8250/16550 driver, 32 ports, IRQ sharing enabled
[   3.695615] 00:02: ttyS0 at I/O 0x3f8 (irq = 4, base_baud = 115200) is a 16550A

[    3.729574] Linux agpgart interface v0.103
[    3.734767] loop: module loaded
[    3.737124] scsi host0: ata_piix
[    3.738598] scsi host1: ata_piix
[    3.739875] ata1: PATA max UDMA/33 cmd 0x1f0 ctl 0x3f6 bmdma 0xd000 irq 14
[    3.743719] ata2: PATA max UDMA/33 cmd 0x170 ctl 0x376 bmdma 0xd008 irq 15
[    3.747131] libphy: Fixed MDIO Bus: probed
[    3.748991] tun: Universal TUN/TAP device driver, 1.6
[    3.750723] tun: (C) 1999-2004 Max Krasnyansky <maxk@qualcomm.com>
[    3.754473] PPP generic driver version 2.4.2
[    3.758012] ehci_hcd: USB 2.0 'Enhanced' Host Controller (EHCI) Driver
[    3.762395] ehci-pci: EHCI PCI platform driver
[    3.763970] ehci-platform: EHCI generic platform driver
[    3.766902] ohci_hcd: USB 1.1 'Open' Host Controller (OHCI) Driver
[    3.770504] ohci-pci: OHCI PCI platform driver
[    3.772022] ohci-platform: OHCI generic platform driver
[    3.773790] uhci_hcd: USB Universal Host Controller Interface driver
[    3.778510] i8042: PNP: PS/2 Controller [PNP0303:PS2K,PNP0f03:PS2M] at 0x60,0x64 irq 1,12
[    3.783736] serio: i8042 KBD port at 0x60,0x64 irq 1
[    3.786574] serio: i8042 AUX port at 0x60,0x64 irq 12
[    3.788627] mousedev: PS/2 mouse device common for all mice
[    3.791011] input: AT Translated Set 2 keyboard as /devices/platform/i8042/serio0/input/input2
[    3.794658] rtc_cmos rtc_cmos: rtc core: registered rtc_cmos as rtc0
[    3.797991] rtc_cmos rtc_cmos: alarms up to one day, 114 bytes nvram
[    3.800054] i2c /dev entries driver
[    3.806982] device-mapper: uevent: version 1.0.3
[    3.810060] device-mapper: ioctl: 4.34.0-ioctl (2015-10-28) initialised: dm-devel@redhat.com
[    3.822714] ledtrig-cpu: registered to indicate activity on CPUs
[    3.827345] NET: Registered protocol family 10
[    3.829232] NET: Registered protocol family 17
[    3.836943] Key type dns_resolver registered
[    3.840155] registered taskstats version 1
[    3.841656] Loading compiled-in X.509 certificates
[    3.844032] Loaded X.509 cert 'Build time autogenerated kernel key: 4eb3d024ac16f76c1747ffd474694c84db21038b'
[    3.847347] zswap: loaded using pool lzo/zbud
[    3.852932] Key type trusted registered
[    3.859277] Key type encrypted registered
[    3.861020] AppArmor: AppArmor sha1 policy hashing enabled
[    3.865488] ima: No TPM chip found, activating TPM-bypass!
[    3.871287] ima: Allocated hash algorithm: sha1
[    3.872933] evm: HMAC attrs: 0x1
[    3.874901]   Magic number: 14:830:12
[    3.881617] rtc_cmos rtc_cmos: setting system clock to 2018-08-31 05:00:49 UTC (1535691649)
[    3.885412] BIOS EDD facility v0.16 2004-Jun-25, 0 devices found
[    3.887385] EDD information not available.
[    3.902421] Freeing unused kernel memory: 1516K
[    3.905938] Write protecting the kernel read-only data: 14336k
[    3.909158] Freeing unused kernel memory: 1672K
[    3.911133] Freeing unused kernel memory: 92K
Loading, please wait...
starting version 229
[    3.929019] random: systemd-udevd: uninitialized urandom read (16 bytes read, 3 bits of entropy available)
[    3.929506] random: udevadm: uninitialized urandom read (16 bytes read, 3 bits of entropy available)
[    3.929530] random: udevadm: uninitialized urandom read (16 bytes read, 3 bits of entropy available)
[    3.942937] random: udevadm: uninitialized urandom read (16 bytes read, 3 bits of entropy available)
[    3.942989] random: udevadm: uninitialized urandom read (16 bytes read, 3 bits of entropy available)
[    3.943303] random: udevadm: uninitialized urandom read (16 bytes read, 3 bits of entropy available)
[    3.943420] random: udevadm: uninitialized urandom read (16 bytes read, 3 bits of entropy available)
[    3.943531] random: udevadm: uninitialized urandom read (16 bytes read, 3 bits of entropy available)
[    3.943643] random: udevadm: uninitialized urandom read (16 bytes read, 3 bits of entropy available)
[    3.943748] random: udevadm: uninitialized urandom read (16 bytes read, 3 bits of entropy available)
[    4.030871] e1000: Intel(R) PRO/1000 Network Driver - version 7.3.21-k8-NAPI
[    4.033346] e1000: Copyright (c) 1999-2006 Intel Corporation.
[    4.038246] Fusion MPT base driver 3.04.20
[    4.040202] Copyright (c) 1999-2008 LSI Corporation
[    4.050861] Fusion MPT SPI Host driver 3.04.20
[    4.053339] mptbase: ioc0: Initiating bringup
[    4.058061] AVX version of gcm_enc/dec engaged.
[    4.060256] AES CTR mode by8 optimization enabled
[    4.120724] ioc0: LSI53C1030 A0: Capabilities={Initiator}
[    4.249722] input: ImExPS/2 Generic Explorer Mouse as /devices/platform/i8042/serio1/input/input4
[    4.290902] scsi host2: ioc0: LSI53C1030 A0, FwRev=00000000h, Ports=1, MaxQ=256, IRQ=20
[    4.405538] scsi 2:0:0:0: Direct-Access     VBOX     HARDDISK         1.0  PQ: 0 ANSI: 5
[    4.408828] scsi target2:0:0: Beginning Domain Validation
[    4.416439] scsi target2:0:0: Domain Validation skipping write tests
[    4.419289] scsi target2:0:0: Ending Domain Validation
[    4.421324] scsi target2:0:0: asynchronous
[    4.423696] scsi 2:0:1:0: Direct-Access     VBOX     HARDDISK         1.0  PQ: 0 ANSI: 5
[    4.427209] scsi target2:0:1: Beginning Domain Validation
[    4.431741] scsi target2:0:1: Domain Validation skipping write tests
[    4.434814] scsi target2:0:1: Ending Domain Validation
[    4.437409] scsi target2:0:1: asynchronous
[    4.458138] sd 2:0:0:0: Attached scsi generic sg0 type 0
[    4.461444] sd 2:0:0:0: [sda] 20971520 512-byte logical blocks: (10.7 GB/10.0 GiB)
[    4.479420] sd 2:0:1:0: [sdb] 20480 512-byte logical blocks: (10.5 MB/10.0 MiB)
[    4.490562] sd 2:0:1:0: Attached scsi generic sg1 type 0
[    4.506541] sd 2:0:1:0: [sdb] Write Protect is off
[    4.510945] sd 2:0:0:0: [sda] Write Protect is off
[    4.514824] sd 2:0:1:0: [sdb] Incomplete mode parameter data
[    4.518673] sd 2:0:1:0: [sdb] Assuming drive cache: write through
[    4.529766] sd 2:0:0:0: [sda] Incomplete mode parameter data
[    4.531698] sd 2:0:0:0: [sda] Assuming drive cache: write through
[    4.540202] tsc: Refined TSC clocksource calibration: 2496.050 MHz
[    4.548526] clocksource: tsc: mask: 0xffffffffffffffff max_cycles: 0x23faa6949a3, max_idle_ns: 440795289752 ns
[    4.553188]  sda: sda1
[    4.557025] sd 2:0:0:0: [sda] Attached SCSI disk
[    4.563000] sd 2:0:1:0: [sdb] Attached SCSI disk
[    4.889261] e1000 0000:00:03.0 eth0: (PCI:33MHz:32-bit) 02:93:23:4d:82:b3
[    4.891759] e1000 0000:00:03.0 eth0: Intel(R) PRO/1000 Network Connection
[    5.576935] e1000 0000:00:08.0 eth1: (PCI:33MHz:32-bit) 08:00:27:53:fa:09
[    5.579146] e1000 0000:00:08.0 eth1: Intel(R) PRO/1000 Network Connection
[    5.586981] e1000 0000:00:03.0 enp0s3: renamed from eth0
[    5.604872] e1000 0000:00:08.0 enp0s8: renamed from eth1
Begin: Loading essential drivers ... [    7.011391] md: linear personality registered for level -1
[    7.016678] md: multipath personality registered for level -4
[    7.022695] md: raid0 personality registered for level 0
[    7.029142] md: raid1 personality registered for level 1
[    7.104243] raid6: sse2x1   gen()  7558 MB/s
[    7.172285] raid6: sse2x1   xor()  5994 MB/s
[    7.249558] raid6: sse2x2   gen()  9837 MB/s
[    7.324121] raid6: sse2x2   xor()  4573 MB/s
[    7.396313] raid6: sse2x4   gen() 10428 MB/s
[    7.464259] raid6: sse2x4   xor()  6403 MB/s
[    7.472299] raid6: using algorithm sse2x4 gen() 10428 MB/s
[    7.479930] raid6: .... xor() 6403 MB/s, rmw enabled
[    7.483354] raid6: using ssse3x2 recovery algorithm
[    7.486928] xor: automatically using best checksumming function:
[    7.540253]    avx       : 16952.000 MB/sec
[    7.545436] async_tx: api initialized (async)
[    7.559746] md: raid6 personality registered for level 6
[    7.567720] md: raid5 personality registered for level 5
[    7.580543] md: raid4 personality registered for level 4
[    7.627933] md: raid10 personality registered for level 10
done.
Begin: Running /scripts/init-premount ... done.
Begin: Mounting root file system ... Begin: Running /scripts/local-top ... done.
Begin: Running /scripts/local-premount ... [    7.713570] Btrfs loaded
Scanning for Btrfs filesystems
done.
Warning: fsck not present, so skipping root file system
[    7.833179] EXT4-fs (sda1): INFO: recovery required on readonly filesystem
[    7.835412] EXT4-fs (sda1): write access will be enabled during recovery
[    7.913332] EXT4-fs (sda1): orphan cleanup on readonly fs
[    7.958575] EXT4-fs (sda1): 1 orphan inode deleted
[    7.960705] EXT4-fs (sda1): recovery complete
[    7.965287] EXT4-fs (sda1): mounted filesystem with ordered data mode. Opts: (null)
done.
Begin: Running /scripts/local-bottom ... done.
Begin: Running /scripts/init-bottom ... done.
[    8.725966] systemd[1]: systemd 229 running in system mode. (+PAM +AUDIT +SELINUX +IMA +APPARMOR +SMACK +SYSVINIT +UTMP +LIBCRYPTSETUP +GCRYPT +GNUTLS +ACL +XZ -LZ4 +SECCOMP +BLKID +ELFUTILS +KMOD -IDN)
[    8.738871] systemd[1]: Detected virtualization oracle.
[    8.743314] systemd[1]: Detected architecture x86-64.

Welcome to [1mUbuntu 16.04.5 LTS[0m!

[    8.797686] systemd[1]: Set hostname to <jenkins2>.
[    9.018817] random: nonblocking pool is initialized
[    9.963571] systemd[1]: Reached target System Time Synchronized.
[[0;32m  OK  [0m] Reached target System Time Synchronized.
[   10.089405] systemd[1]: Started Trigger resolvconf update for networkd DNS.
[[0;32m  OK  [0m] Started Trigger resolvconf update for networkd DNS.
[   10103387] systemd[1]: Listening on Journal Socket (/dev/log).
[[0;32m  OK  [0m] Listening on Journal Socket (/dev/log).
[   10.266626] systemd[1]: Listening on udev Control Socket.
[[0;32m  OK  [0m] Listening on udev Control Socket.
[   10.272075] systemd[1]: Listening on /dev/initctl Compatibility Named Pipe.
[[0;32m  OK  [0m] Listening on /dev/initctl Compatibility Named Pipe.
[   10.281171] systemd[1]: Listening on udev Kernel Socket.
[[0;32m  OK  [0m] Listening on udev Kernel Socket.
[   10.293360] systemd[1]: Reached target Encrypted Volumes.
[[0;32m  OK  [0m] Reached target Encrypted Volumes.
[   10.550438] systemd[1]: Set up automount Arbitrary Executable File Formats File System Automount Point.
[[0;32m  OK  [0m] Set up automount Arbitrary Executab...ats File System Automount Point.
[  10.559951] systemd[1]: Reached target Swap.
[[0;32m  OK  [0m] Reached target Swap.
[  1.6306]systemd[1]: Started Forward Password Requests to Wall Directory Watch.
[[0;32m  OK  [0m] Started Forward Password Requests to Wall Directory Watch.
[   11.233659] systemd[1]: Reached target User and Group Name Lookups.
[[0;32m  OK  [0m] Reached target User and Group Name Lookups.
[   11.294279] systemd[1]: Listening on LVM2 metadata daemon socket.
[[0;32m  OK  [0m] Listening on LVM2 metadata daemon socket.
[  1.3451]syted[1]: Created slice System Slice.
[[0;32m  OK  [0m] Created slice System Slice.
[   11.530818] systemd[1]: Created slice system-serial\x2dgetty.slice.
[[0;32m  OK  [0m] Created slice system-serial\x2dgetty.slice.
[   11.555535] systemd[1]: Created slice User and Session Slice.
[[0;32m  OK  [0m] Created slice User and Session Slice.
[   11.562410] systemd[1]: Reached target Slices.
[[0;32m  OK  [0m] Reached target Slices.
[  1.6492]syted[1]: Listening on LVM2 poll daemon socket.
[[0;32m  OK  [0m] Listening on LVM2 poll daemon socket.
[   12.293720] systemd[1]: Listening on Syslog Socket.
[[0;32m  OK  [0m] Listening on Syslog Socket.
[   12.542146] systemd[1]: Listening on Journal Socket.
[[0;32m  OK  [0m] Listening on Journal Socket.
[   12.564824] systemd[1]: Starting Nameserver information manager...
         Starting Nameserver information manager...
[   12.693002] systemd[1]: Starting Load Kernel Modules...
         Starting Load Kernel Modules...
[   12.711870] systemd[1]: Starting Remount Root and Kernel File Systems...
         Starting Remount Root and Kernel File Systems...
[   12.743343] systemd[1]: Mounting Debug File System...
         Mounting Debug File System...
[   12.750566] systemd[1]: Starting Uncomplicated firewall...
         Starting Uncomplicated firewall...
[   12.762578] systemd[1]: Starting Set console keymap...
         Starting Set console keymap...
[   12.772897] EXT4-fs (sda1): re-mounted. Opts: (null)
[   12.777608] systemd[1]: Starting Create list of required static device nodes for the current kernel...
         Starting Create list of required st... nodes for the current kernel...
[   12.808946] systemd[1]: Mounting Huge Pages File System...
         Mounting Huge Pages File System...
[   12.819759] systemd[1]: Listening on Device-mapper event daemon FIFOs.
[   12.822800] Loading iSCSI transport class v2.0-870.
[[0;32m  OK  [0m] Listening on Device-mapper event daemon FIFOs.
[   12.828307] systemd[1]: Starting Monitoring of LVM2 mirrors, snapshots etc. using dmeventd or progress polling...
         Starting Monitoring of LVM2 mirrors... dmeventd or progress polling...
[   12.860804] systemd[1]: Mounting POSIX Message Queue File System...
         Mounting POSIX Message Queue File System...
[   12.874491] systemd[1]: Listening on Journal Audit Socket.
[[0;32m  OK  [0m] Listening on Journal Audit Socket.
[   12.887349] systemd[1]: Starting Journal Service...
         Starting Journal Service...
[   12.907226] systemd[1]: Mounted POSIX Message Queue File System.
[[0;32m  OK  [0m] Mounted POSIX Message Queue File System.
[   12.913508] systemd[1]: Mounted Debug File System.
[[0;32m  OK  [0m] Mounted Debug File System.
[   12.919759] systemd[1]: Mounted Huge Pages File System.
[   12.922661] iscsi: registered transport (tcp)
[[0;32m  OK  [0m] Mounted Huge Pages File System.
[   12.933010] systemd[1]: Started Remount Root and Kernel File Systems.
[[0;32m  OK  [0m] Started Remount Root and Kernel File Systems.
[   12.942922] systemd[1]: Started Uncomplicated firewall.
[[0;32m  OK  [0m] Started Uncomplicated firewall.
[   12.959422] systemd[1]: Started Create list of required static device nodes for the current kernel.
[[0;32m  OK  [0m] Started Create list of required sta...ce nodes for the current kernel.
[   12.997006] systemd[1]: Started Nameserver information manager.
[[0;32m  OK  [0m] Started Nameserver information manager.
[   13.056747] systemd[1]: Starting Create Static Device Nodes in /dev...
         Starting Create Static Device Nodes in /dev...
[   13.077643] systemd[1]: Starting Load/Save Random Seed...
         Starting Load/Save Random Seed...
[   13.181020] systemd[1]: Starting udev Coldplug all Devices...
         Starting udev Coldplug all Devices...
[   13.191010] systemd[1]: Started Set console keymap.
[[0;32m  OK  [0m] Started Set console keymap.
[   13.255656] systemd[1]: Started Load/Save Random Seed.
[[0;32m  OK  [0m] Started Load/Save Random Seed.
[   13.365992] iscsi: registered transport (iser)
[   13.394961] systemd[1]: Started Load Kernel Modules.
[[0;32m  OK  [0m] Started Load Kernel Modules.
[   13.454125] systemd[1]: Started Journal Service.
[[0;32m  OK  [0m] Started Journal Service.
[[0;32m  OK  [0m] Started LVM2 metadata daemon.
         Starting Flush Journal to Persistent Storage...
         Mounting FUSE Control File System...
         Starting Apply Kernel Variables...
[[0;32m  OK  [0m] Mounted FUSE Control File System.
[[0;32m  OK  [0m] Started udev Coldplug all Devices.
[   13.623441] systemd-journald[397]: Received request to flush runtime journal from PID 1
[[0;32m  OK  [0m] Started Flush Journal to Persistent Storage.
[[0;32m  OK  [0m] Started Monitoring of LVM2 mirrors,...ng dmeventd or progress polling.
[[0;32m  OK  [0m] Started Create Static Device Nodes in /dev.
[[0;32m  OK  [0m] Started Apply Kernel Variables.
         Starting udev Kernel Device Manager...
[[0;32m  OK  [0m] Started udev Kernel Device Manager.
[[0;32m  OK  [0m] Reached target Local File Systems (Pre).
[[0;32m  OK  [0m] Reached target Local File Systems.
         Starting Tell Plymouth To Write Out Runtime Data...
         Starting LSB: AppArmor initialization...
         Starting Set console font and keymap...
         Starting Create Volatile Files and Directories...
         Starting Initial cloud-init job (pre-networking)...
[[0;32m  OK  [0m] Started Dispatch Password Requests to Console Directory Watch.
[[0;32m  OK  [0m] Started Tell Plymouth To Write Out Runtime Data.
[[0;32m  OK  [0m] Found device /dev/ttyS0.
[[0;32m  OK  [0m] Listening on Load/Save RF Kill Switch Status /dev/rfkill Watch.
[[0;32m  OK  [0m] Started Create Volatile Files and Directories.
         Starting Update UTMP about System Boot/Shutdown...
[[0;32m  OK  [0m] Started Update UTMP about System Boot/Shutdown.
[[0;32m  OK  [0m] Found device 82540EM Gigabit Ethern...r (PRO/1000 MT Desktop Adapter).
[[0;32m  OK  [0m] Found device 82540EM Gigabit Ethern...r (PRO/1000 MT Desktop Adapter).
[[0;32m  OK  [0m] Started Set console font and keymap.
[[0;32m  OK  [0m] Created slice system-getty.slice.
[[0;32m  OK  [0m] Started LSB: AppArmor initialization.
[   18.729148] cloud-init[484]: Cloud-init v. 18.3-9-g2e62cb8a-0ubuntu1~16.04.2 running 'init-local' at Fri, 31 Aug 2018 05:01:05 +0000. Up 17.97 seconds.
[[0;32m  OK  [0m] Started Initial cloud-init job (pre-networking).
[[0;32m  OK  [0m] Reached target Network (Pre).
[[0;32m  OK  [0m] Started ifup for enp0s8.
[[0;32m  OK  [0m] Started ifup for enp0s3.
         Starting Raise network interfaces...
[[0;32m  OK  [0m] Started Raise network interfaces.
[[0;32m  OK  [0m] Reached target Network.
         Starting Initial cloud-init job (metadata service crawler)...
[   20.353279] cloud-init[1057]: Cloud-init v. 18.3-9-g2e62cb8a-0ubuntu1~16.04.2 running 'init' at Fri, 31 Aug 2018 05:01:06 +0000. Up 19.44 seconds.
[   20.358588] cloud-init[1057]: ci-info: ++++++++++++++++++++++++++++++++++++++Net device info+++++++++++++++++++++++++++++++++++++++
[   20.364893] cloud-init[1057]: ci-info: +--------+------+-----------------------------+---------------+--------+-------------------+
[   20.370183] cloud-init[1057]: ci-info: | Device |  Up  |           Address           |      Mask     | Scope  |     Hw-Address    |
[   20.375106] cloud-init[1057]: ci-info: +--------+------+-----------------------------+---------------+--------+-------------------+
[   20.381148] cloud-init[1057]: ci-info: | enp0s3 | True |          10.0.2.15          | 255.255.255.0 | global | 02:93:23:4d:82:b3 |
[   20.385989] cloud-init[1057]: ci-info: | enp0s3 | True |  fe80::93:23ff:fe4d:82b3/64 |       .       |  link  | 02:93:23:4d:82:b3 |
[   20.392228] cloud-init[1057]: ci-info: | enp0s8 | True |        192.168.30.10        | 255.255.255.0 | global | 08:00:27:53:fa:09 |
[   20.397400] cloud-init[1057]: ci-info: | enp0s8 | True | fe80::a00:27ff:fe53:fa09/64 |       .       |  link  | 08:00:27:53:fa:09 |
[   20.402180] cloud-init[1057]: ci-info: |   lo   | True |          127.0.0.1          |   255.0.0.0   |  host  |         .         |
[   20.408431] [[0;32m  OK  [0m] Started Initial cloud-init job (metadata service crawler).
[[0;32m  OK  [0m] Reached target Network is Online.
cloud-init[1057]: ci-info: |   lo   | True |           ::1/128           |       .       |  host  |         .         |
[   20.416501] cloud-init[1057]: ci-info: +--------+------+-----------------------------+---------------+--------+-------------------+
[   20.423817]          Starting iSCSI initiator daemon (iscsid)...
[[0;32m  OK  [0m] Reached target Cloud-config availability.
[[0;32m  OK  [0m] Reached target System Initialization.
         Starting Socket activation for snappy daemon.
[[0;32m  OK  [0m] Listening on UUID daemon activation socket.
cloud-init[1057]: ci-info: ++++++++++++++++++++++++++++Route IPv4 info++++++++++++++++++++++++++++
[   20.435342] cloud-init[1057]: ci-info: +-------+--------------+----------+---------------+-----------+-------+
[   20.445188] cloud-init[1057]: ci-info: | Route | Destination  | Gateway  |    Genmask    | Interface | Flags |
[   20.455920] cloud-init[1057]: ci-info: +-------+--------------+----------+---------------+-----------+-------+
[   20.463179] [[0;32m  OK  [0m] Started Daily apt download activities.
[[0;32m  OK  [0m] Started Daily Cleanup of Temporary Directories.
[[0;32m  OK  [0m] Started Daily apt upgrade and clean activities.
[[0;32m  OK  [0m] Listening on ACPID Listen Socket.
cloud-init[1057]: ci-info: |   0   |   0.0.0.0    | 10.0.2.2 |    0.0.0.0    |   enp0s3  |   UG  |
[   20.474163] cloud-init[1057]: ci-info: |   1   |   10.0.2.0   | 0.0.0.0  | 255.255.255.0 |   enp0s3  |   U   |
[   20.496670] [[0;32m  OK  [0m] Started ACPI Events Check.
[[0;32m  OK  [0m] Reached target Paths.
[[0;32m  OK  [0m] Listening on D-Bus System Message Bus Socket.
cloud-init[1057]: ci-info: |   2   | 192.168.30.0 | 0.0.0.0  | 255.255.255.0 |   enp0s8  |   U   |
[   20.504977] cloud-init[1057]: ci-info: +-------+--------------+----------+---------------+-----------+-------+
[   20.519762] cloud-init[1057]: ci-info: +++++++++++++++++++Route IPv6 info+++++++++++++++++++
[   20.525078]          Starting LXD - unix socket.
[[0;32m  OK  [0m] Reached target Timers.
cloud-init[1057]: ci-info: +-------+-------------+---------+-----------+-------+
[   20.533452] cloud-init[1057]: ci-info: | Route | Destination | Gateway | Interface | Flags |[[0;32m  OK  [0m] Listening on Socket activation for snappy daemon.
[[0;32m  OK  [0m] Listening on LXD - unix socket.

[   20.554159] [cloud-init[0;32m  OK  [0m[1057]: ] ci-info: +-------+-------------+---------+-----------+-------+Reached target Sockets.

[   20.563044] [[0;32m  OK  [0m] Reached target Basic System.
cloud-init[1057]: ci-info: |   0   |  fe80::/64  |    ::   |   enp0s8  |   U   |
[   20.569762] cloud-init[1057]: ci-info: |   1   |  fe80::/64  |    ::   |   enp0s3  |   U   |
[   20.573535] cloud-init[1057]: ci-info: |   4   |   ff00::/8  |    ::   |   enp0s8  |   U   |
[[0;32m  OK  [0m] Started D-Bus System Message Bus.
[   20.579715] cloud-init[1057]: ci-info: |   5   |   ff00::/8  |    ::   |   enp0s3  |   U   |
[   20.585959] cloud-init[1057]: ci-info: +-------+-------------+---------+-----------+-------+
[[0;32m  OK  [0m] Started FUSE filesystem for LXC.
         Starting LSB: Record successful boot for GRUB...
         Starting /etc/rc.local Compatibility...
         Starting LXD - container startup/shutdown...
         Starting LSB: MD monitoring daemon...
[[0;32m  OK  [0m] Started ACPI event daemon.
         Starting Virtualbox guest utils...
[[0;32m  OK  [0m] Started Deferred execution scheduler.
         Starting Login Service...
         Starting System Logging Service...
[[0;32m  OK  [0m] Started Regular background program processing daemon.
[[0;32m  OK  [0m] Started Unattended Upgrades Shutdown.
         Starting Accounts Service...
         Starting OpenBSD Secure Shell server...
         Starting Snappy daemon...
[[0;32m  OK  [0m] Started iSCSI initiator daemon (iscsid).
[[0;32m  OK  [0m] Started /etc/rc.local Compatibility.
         Starting Login to default iSCSI targets...
[[0;32m  OK  [0m] Started Login Service.
[[0;32m  OK  [0m] Started LSB: Record successful boot for GRUB.
[[0;32m  OK  [0m] Started LSB: MD monitoring daemon.
[[0;32m  OK  [0m] Started Login to default iSCSI targets.
[[0;32m  OK  [0m] Reached target Remote File Systems (Pre).
[[0;32m  OK  [0m] Reached target Remote File Systems.
         Starting Permit User Sessions...
         Starting LSB: Start Jenkins at boot time...
         Starting LSB: Set the CPU Frequency Scaling governor to "ondemand"...
         Starting LSB: daemon to balance interrupts for SMP systems...
         Starting LSB: automatic crash report generation...
[[0;32m  OK  [0m] Started LSB: Set the CPU Frequency Scaling governor to "ondemand".
[[0;32m  OK  [0m] Started Permit User Sessions.
         Starting Terminate Plymouth Boot Screen...
         Starting Hold until boot process finishes up...
[[0;32m  OK  [0m] Started Terminate Plymouth Boot Screen.
[[0;32m  OK  [0m] Started Hold until boot process finishes up.
[[0;32m  OK  [0m] Started Serial Getty on ttyS0.
[[0;32m  OK  [0m] Started Getty on tty1.
[[0;32m  OK  [0m] Reached target Login Prompts.
         Starting Set console scheme...
[[0;32m  OK  [0m] Started System Logging Service.
[[0;32m  OK  [0m] Started Set console scheme.
[[0;32m  OK  [0m] Started LSB: daemon to balance interrupts for SMP systems.
[[0;32m  OK  [0m] Started LSB: automatic crash report generation.
[[0;32m  OK  [0m] Started Virtualbox guest utils.
[[0;32m  OK  [0m] Started OpenBSD Secure Shell server.
         Starting Authenticate and Authorize Users to Run Privileged Tasks...
[[0;32m  OK  [0m] Started Authenticate and Authorize Users to Run Privileged Tasks.
[[0;32m  OK  [0m] Started Accounts Service.

Ubuntu 16.04.5 LTS jenkins2 ttyS0

jenkins2 login: [   32.747899] cloud-init[1347]: Cloud-init v. 18.3-9-g2e62cb8a-0ubuntu1~16.04.2 running 'modules:config' at Fri, 31 Aug 2018 05:01:19 +0000. Up 32.12 seconds.
[   36.017613] cloud-init[1432]: Cloud-init v. 18.3-9-g2e62cb8a-0ubuntu1~16.04.2 running 'modules:final' at Fri, 31 Aug 2018 05:01:22 +0000. Up 35.46 seconds.
[   36.018153] cloud-init[1432]: Cloud-init v. 18.3-9-g2e62cb8a-0ubuntu1~16.04.2 finished at Fri, 31 Aug 2018 05:01:23 +0000. Datasource DataSourceNoCloud [seed=/dev/sdb][dsmode=net].  Up 36.00 seconds
